<?xml version="1.0" encoding="UTF-8"?>
<testng-results ignored="0" total="1" passed="1" failed="0" skipped="0">
  <reporter-output>
  </reporter-output>
  <suite started-at="2023-04-11T16:42:48 IST" name="Suite" finished-at="2023-04-11T16:42:55 IST" duration-ms="7850">
    <groups>
    </groups>
    <test started-at="2023-04-11T16:42:48 IST" name="Test" finished-at="2023-04-11T16:42:55 IST" duration-ms="7850">
      <class name="org.JenkinsMaven.DemoText">
        <test-method is-config="true" signature="launch()[pri:0, instance:org.JenkinsMaven.DemoText@68267da0]" started-at="2023-04-11T16:42:48 IST" name="launch" finished-at="2023-04-11T16:42:54 IST" duration-ms="6622" status="PASS">
          <reporter-output>
          </reporter-output>
        </test-method> <!-- launch -->
        <test-method signature="demo1()[pri:0, instance:org.JenkinsMaven.DemoText@68267da0]" started-at="2023-04-11T16:42:54 IST" name="demo1" finished-at="2023-04-11T16:42:55 IST" duration-ms="476" status="PASS">
          <reporter-output>
          </reporter-output>
        </test-method> <!-- demo1 -->
        <test-method is-config="true" signature="closebrowser()[pri:0, instance:org.JenkinsMaven.DemoText@68267da0]" started-at="2023-04-11T16:42:55 IST" name="closebrowser" finished-at="2023-04-11T16:42:55 IST" duration-ms="718" status="PASS">
          <reporter-output>
          </reporter-output>
        </test-method> <!-- closebrowser -->
      </class> <!-- org.JenkinsMaven.DemoText -->
    </test> <!-- Test -->
  </suite> <!-- Suite -->
</testng-results>
