<?xml version="1.0" encoding="UTF-8"?>
<testng-results ignored="0" total="1" passed="1" failed="0" skipped="0">
  <reporter-output>
  </reporter-output>
  <suite started-at="2023-04-11T16:50:35 IST" name="Default suite" finished-at="2023-04-11T16:50:42 IST" duration-ms="6693">
    <groups>
    </groups>
    <test started-at="2023-04-11T16:50:35 IST" name="Default test" finished-at="2023-04-11T16:50:42 IST" duration-ms="6693">
      <class name="org.JenkinsMaven.DemoText">
        <test-method is-config="true" signature="launch()[pri:0, instance:org.JenkinsMaven.DemoText@2a266d09]" started-at="2023-04-11T16:50:35 IST" name="launch" finished-at="2023-04-11T16:50:41 IST" duration-ms="5744" status="PASS">
          <reporter-output>
          </reporter-output>
        </test-method> <!-- launch -->
        <test-method signature="demo1()[pri:0, instance:org.JenkinsMaven.DemoText@2a266d09]" started-at="2023-04-11T16:50:41 IST" name="demo1" finished-at="2023-04-11T16:50:41 IST" duration-ms="295" status="PASS">
          <reporter-output>
          </reporter-output>
        </test-method> <!-- demo1 -->
        <test-method is-config="true" signature="closebrowser()[pri:0, instance:org.JenkinsMaven.DemoText@2a266d09]" started-at="2023-04-11T16:50:41 IST" name="closebrowser" finished-at="2023-04-11T16:50:42 IST" duration-ms="623" status="PASS">
          <reporter-output>
          </reporter-output>
        </test-method> <!-- closebrowser -->
      </class> <!-- org.JenkinsMaven.DemoText -->
    </test> <!-- Default test -->
  </suite> <!-- Default suite -->
</testng-results>
